[00:21:25] [main/INFO]: Loading Minecraft 1.21.4 with Fabric Loader 0.16.10
[00:21:25] [main/INFO]: Fabric is preparing JARs on first launch, this may take a few seconds...
[00:21:25] [main/INFO]: Loading 4 mods:
	- fabricloader 0.16.10
	   \-- mixinextras 0.4.1
	- java 21
	- minecraft 1.21.4
[00:21:25] [main/INFO]: SpongePowered MIXIN Subsystem Version=0.8.7 Source=file:/Users/adifishman/Minecraft-mods/libraries/net/fabricmc/sponge-mixin/0.15.4+mixin.0.8.7/sponge-mixin-0.15.4+mixin.0.8.7.jar Service=Knot/Fabric Env=SERVER
[00:21:28] [main/ERROR]: Failed to load properties from file: server.properties
java.nio.file.NoSuchFileException: server.properties
	at java.base/sun.nio.fs.UnixException.translateToIOException(UnixException.java:92) ~[?:?]
	at java.base/sun.nio.fs.UnixException.rethrowAsIOException(UnixException.java:106) ~[?:?]
	at java.base/sun.nio.fs.UnixException.rethrowAsIOException(UnixException.java:111) ~[?:?]
	at java.base/sun.nio.fs.UnixFileSystemProvider.newByteChannel(UnixFileSystemProvider.java:261) ~[?:?]
	at java.base/java.nio.file.Files.newByteChannel(Files.java:380) ~[?:?]
	at java.base/java.nio.file.Files.newByteChannel(Files.java:432) ~[?:?]
	at java.base/java.nio.file.spi.FileSystemProvider.newInputStream(FileSystemProvider.java:420) ~[?:?]
	at java.base/java.nio.file.Files.newInputStream(Files.java:160) ~[?:?]
	at knot/net.minecraft.class_3808.method_16727(class_3808.java:62) [server-intermediary.jar:?]
	at knot/net.minecraft.class_3806.method_16714(class_3806.java:141) [server-intermediary.jar:?]
	at knot/net.minecraft.class_3807.<init>(class_3807.java:12) [server-intermediary.jar:?]
	at knot/net.minecraft.server.Main.main(Main.java:116) [server-intermediary.jar:?]
	at net.fabricmc.loader.impl.game.minecraft.MinecraftGameProvider.launch(MinecraftGameProvider.java:480) [fabric-loader-0.16.10.jar:?]
	at net.fabricmc.loader.impl.launch.knot.Knot.launch(Knot.java:74) [fabric-loader-0.16.10.jar:?]
	at net.fabricmc.loader.impl.launch.knot.KnotServer.main(KnotServer.java:23) [fabric-loader-0.16.10.jar:?]
	at net.fabricmc.loader.impl.launch.server.FabricServerLauncher.main(FabricServerLauncher.java:69) [fabric-loader-0.16.10.jar:?]
	at net.fabricmc.installer.ServerLauncher.main(ServerLauncher.java:69) [server.jar:1.0.1]
[00:21:28] [main/WARN]: Failed to load eula.txt
[00:21:28] [main/INFO]: You need to agree to the EULA in order to run the server. Go to eula.txt for more info.
